<?xml version="1.0" encoding="UTF-8"?>
<testsuite name="com.jojoldu.book.springboot.web.HelloResponseDtoTest" tests="1" skipped="0" failures="0" errors="0" timestamp="2021-09-06T14:49:48" hostname="ominhyeong-ui-MacBookAir.local" time="0.03">
  <properties/>
  <testcase name="lombok_test" classname="com.jojoldu.book.springboot.web.HelloResponseDtoTest" time="0.03"/>
  <system-out><![CDATA[]]></system-out>
  <system-err><![CDATA[]]></system-err>
</testsuite>
