<?xml version="1.0" encoding="UTF-8"?>
<testsuite name="com.jojoldu.book.springboot.domain.PostsRepositoryTest" tests="2" skipped="0" failures="0" errors="0" timestamp="2021-09-06T14:49:57" hostname="ominhyeong-ui-MacBookAir.local" time="0.089">
  <properties/>
  <testcase name="insert_post" classname="com.jojoldu.book.springboot.domain.PostsRepositoryTest" time="0.075"/>
  <testcase name="BaseTimeEntity" classname="com.jojoldu.book.springboot.domain.PostsRepositoryTest" time="0.012"/>
  <system-out><![CDATA[2021-09-06 23:49:55.796  INFO 57156 --- [    Test worker] .b.t.c.SpringBootTestContextBootstrapper : Neither @ContextConfiguration nor @ContextHierarchy found for test class [com.jojoldu.book.springboot.domain.PostsRepositoryTest], using SpringBootContextLoader
2021-09-06 23:49:55.799  INFO 57156 --- [    Test worker] o.s.t.c.support.AbstractContextLoader    : Could not detect default resource locations for test class [com.jojoldu.book.springboot.domain.PostsRepositoryTest]: no resource found for suffixes {-context.xml, Context.groovy}.
2021-09-06 23:49:55.799  INFO 57156 --- [    Test worker] t.c.s.AnnotationConfigContextLoaderUtils : Could not detect default configuration classes for test class [com.jojoldu.book.springboot.domain.PostsRepositoryTest]: PostsRepositoryTest does not declare any static, non-private, non-final, nested classes annotated with @Configuration.
2021-09-06 23:49:55.826  INFO 57156 --- [    Test worker] .b.t.c.SpringBootTestContextBootstrapper : Found @SpringBootConfiguration com.jojoldu.book.springboot.Application for test class com.jojoldu.book.springboot.domain.PostsRepositoryTest
2021-09-06 23:49:55.834  INFO 57156 --- [    Test worker] .b.t.c.SpringBootTestContextBootstrapper : Loaded default TestExecutionListener class names from location [META-INF/spring.factories]: [org.springframework.security.test.context.support.WithSecurityContextTestExecutionListener, org.springframework.security.test.context.support.ReactorContextTestExecutionListener, org.springframework.boot.test.autoconfigure.restdocs.RestDocsTestExecutionListener, org.springframework.boot.test.autoconfigure.web.client.MockRestServiceServerResetTestExecutionListener, org.springframework.boot.test.autoconfigure.web.servlet.MockMvcPrintOnlyOnFailureTestExecutionListener, org.springframework.boot.test.autoconfigure.web.servlet.WebDriverTestExecutionListener, org.springframework.boot.test.mock.mockito.MockitoTestExecutionListener, org.springframework.boot.test.mock.mockito.ResetMocksTestExecutionListener, org.springframework.test.context.web.ServletTestExecutionListener, org.springframework.test.context.support.DirtiesContextBeforeModesTestExecutionListener, org.springframework.test.context.support.DependencyInjectionTestExecutionListener, org.springframework.test.context.support.DirtiesContextTestExecutionListener, org.springframework.test.context.transaction.TransactionalTestExecutionListener, org.springframework.test.context.jdbc.SqlScriptsTestExecutionListener]
2021-09-06 23:49:55.837  INFO 57156 --- [    Test worker] .b.t.c.SpringBootTestContextBootstrapper : Using TestExecutionListeners: [org.springframework.test.context.web.ServletTestExecutionListener@1aeee9ac, org.springframework.test.context.support.DirtiesContextBeforeModesTestExecutionListener@7e6bfd42, org.springframework.boot.test.mock.mockito.MockitoTestExecutionListener@b965bdc, org.springframework.boot.test.autoconfigure.SpringBootDependencyInjectionTestExecutionListener@35d2cf6a, org.springframework.test.context.support.DirtiesContextTestExecutionListener@589ce3f5, org.springframework.test.context.transaction.TransactionalTestExecutionListener@793c9449, org.springframework.test.context.jdbc.SqlScriptsTestExecutionListener@40cd7809, org.springframework.security.test.context.support.WithSecurityContextTestExecutionListener@63c746e5, org.springframework.security.test.context.support.ReactorContextTestExecutionListener@5c7b9223, org.springframework.boot.test.autoconfigure.restdocs.RestDocsTestExecutionListener@41f8cb39, org.springframework.boot.test.autoconfigure.web.client.MockRestServiceServerResetTestExecutionListener@6adeee3f, org.springframework.boot.test.autoconfigure.web.servlet.MockMvcPrintOnlyOnFailureTestExecutionListener@33f76def, org.springframework.boot.test.autoconfigure.web.servlet.WebDriverTestExecutionListener@331d0b38, org.springframework.boot.test.mock.mockito.ResetMocksTestExecutionListener@34bbaf61]

  .   ____          _            __ _ _
 /\\ / ___'_ __ _ _(_)_ __  __ _ \ \ \ \
( ( )\___ | '_ | '_| | '_ \/ _` | \ \ \ \
 \\/  ___)| |_)| | | | | || (_| |  ) ) ) )
  '  |____| .__|_| |_|_| |_\__, | / / / /
 =========|_|==============|___/=/_/_/_/
 :: Spring Boot ::        (v2.1.7.RELEASE)

2021-09-06 23:49:55.883  INFO 57156 --- [    Test worker] c.j.b.s.domain.PostsRepositoryTest       : Starting PostsRepositoryTest on ominhyeong-ui-MacBookAir.local with PID 57156 (started by omin in /Users/omin/springboot-project)
2021-09-06 23:49:55.884  INFO 57156 --- [    Test worker] c.j.b.s.domain.PostsRepositoryTest       : No active profile set, falling back to default profiles: default
2021-09-06 23:49:56.195  INFO 57156 --- [    Test worker] .s.d.r.c.RepositoryConfigurationDelegate : Bootstrapping Spring Data repositories in DEFAULT mode.
2021-09-06 23:49:56.230  INFO 57156 --- [    Test worker] .s.d.r.c.RepositoryConfigurationDelegate : Finished Spring Data repository scanning in 33ms. Found 2 repository interfaces.
2021-09-06 23:49:56.406  INFO 57156 --- [    Test worker] trationDelegate$BeanPostProcessorChecker : Bean 'org.springframework.transaction.annotation.ProxyTransactionManagementConfiguration' of type [org.springframework.transaction.annotation.ProxyTransactionManagementConfiguration$$EnhancerBySpringCGLIB$$1bde0e36] is not eligible for getting processed by all BeanPostProcessors (for example: not eligible for auto-proxying)
2021-09-06 23:49:56.510  INFO 57156 --- [    Test worker] com.zaxxer.hikari.HikariDataSource       : HikariPool-2 - Starting...
2021-09-06 23:49:56.513  INFO 57156 --- [    Test worker] com.zaxxer.hikari.HikariDataSource       : HikariPool-2 - Start completed.
2021-09-06 23:49:56.540  INFO 57156 --- [    Test worker] o.hibernate.jpa.internal.util.LogHelper  : HHH000204: Processing PersistenceUnitInfo [
	name: default
	...]
2021-09-06 23:49:56.550  INFO 57156 --- [    Test worker] org.hibernate.dialect.Dialect            : HHH000400: Using dialect: org.hibernate.dialect.MySQL5InnoDBDialect
Hibernate: drop table if exists posts
Hibernate: drop table if exists user
Hibernate: create table posts (id bigint not null auto_increment, created_date datetime, modified_date datetime, author varchar(255), content TEXT not null, title varchar(500) not null, primary key (id)) engine=InnoDB
Hibernate: create table user (id bigint not null auto_increment, created_date datetime, modified_date datetime, email varchar(255) not null, name varchar(255) not null, picture varchar(255), role varchar(255) not null, primary key (id)) engine=InnoDB
2021-09-06 23:49:56.645  INFO 57156 --- [    Test worker] o.h.t.schema.internal.SchemaCreatorImpl  : HHH000476: Executing import script 'org.hibernate.tool.schema.internal.exec.ScriptSourceInputNonExistentImpl@2e238f3c'
2021-09-06 23:49:56.645  INFO 57156 --- [    Test worker] j.LocalContainerEntityManagerFactoryBean : Initialized JPA EntityManagerFactory for persistence unit 'default'
2021-09-06 23:49:56.851  INFO 57156 --- [    Test worker] o.h.h.i.QueryTranslatorFactoryInitiator  : HHH000397: Using ASTQueryTranslatorFactory
2021-09-06 23:49:56.964  INFO 57156 --- [    Test worker] o.s.s.web.DefaultSecurityFilterChain     : Creating filter chain: any request, [org.springframework.security.web.context.request.async.WebAsyncManagerIntegrationFilter@1725763b, org.springframework.security.web.context.SecurityContextPersistenceFilter@7b993038, org.springframework.security.web.header.HeaderWriterFilter@3fe4d11c, org.springframework.security.web.authentication.logout.LogoutFilter@5e1bd328, org.springframework.security.oauth2.client.web.OAuth2AuthorizationRequestRedirectFilter@639daa02, org.springframework.security.oauth2.client.web.OAuth2LoginAuthenticationFilter@4f504444, org.springframework.security.web.authentication.ui.DefaultLoginPageGeneratingFilter@6cb12676, org.springframework.security.web.authentication.ui.DefaultLogoutPageGeneratingFilter@66ee14cd, org.springframework.security.web.savedrequest.RequestCacheAwareFilter@7042ac61, org.springframework.security.web.servletapi.SecurityContextHolderAwareRequestFilter@6937ef44, org.springframework.security.web.authentication.AnonymousAuthenticationFilter@682d6fa8, org.springframework.security.web.session.SessionManagementFilter@4ff94f43, org.springframework.security.web.access.ExceptionTranslationFilter@770f8be9, org.springframework.security.web.access.intercept.FilterSecurityInterceptor@35688a58]
2021-09-06 23:49:57.173  INFO 57156 --- [    Test worker] o.s.s.concurrent.ThreadPoolTaskExecutor  : Initializing ExecutorService 'applicationTaskExecutor'
2021-09-06 23:49:57.186  WARN 57156 --- [    Test worker] aWebConfiguration$JpaWebMvcConfiguration : spring.jpa.open-in-view is enabled by default. Therefore, database queries may be performed during view rendering. Explicitly configure spring.jpa.open-in-view to disable this warning
2021-09-06 23:49:57.211  INFO 57156 --- [    Test worker] o.s.b.a.w.s.WelcomePageHandlerMapping    : Adding welcome page template: index
2021-09-06 23:49:57.485  INFO 57156 --- [    Test worker] s.a.ScheduledAnnotationBeanPostProcessor : No TaskScheduler/ScheduledExecutorService bean found for scheduled processing
2021-09-06 23:49:57.487  INFO 57156 --- [    Test worker] c.j.b.s.domain.PostsRepositoryTest       : Started PostsRepositoryTest in 1.645 seconds (JVM running for 15.549)
Hibernate: insert into posts (created_date, modified_date, author, content, title) values (?, ?, ?, ?, ?)
Hibernate: select posts0_.id as id1_0_, posts0_.created_date as created_2_0_, posts0_.modified_date as modified3_0_, posts0_.author as author4_0_, posts0_.content as content5_0_, posts0_.title as title6_0_ from posts posts0_
Hibernate: select posts0_.id as id1_0_, posts0_.created_date as created_2_0_, posts0_.modified_date as modified3_0_, posts0_.author as author4_0_, posts0_.content as content5_0_, posts0_.title as title6_0_ from posts posts0_
Hibernate: delete from posts where id=?
Hibernate: insert into posts (created_date, modified_date, author, content, title) values (?, ?, ?, ?, ?)
Hibernate: select posts0_.id as id1_0_, posts0_.created_date as created_2_0_, posts0_.modified_date as modified3_0_, posts0_.author as author4_0_, posts0_.content as content5_0_, posts0_.title as title6_0_ from posts posts0_
>>>>>>>>> createDate=2021-09-06T23:49:57.574, modifiedDate=2021-09-06T23:49:57.574
Hibernate: select posts0_.id as id1_0_, posts0_.created_date as created_2_0_, posts0_.modified_date as modified3_0_, posts0_.author as author4_0_, posts0_.content as content5_0_, posts0_.title as title6_0_ from posts posts0_
Hibernate: delete from posts where id=?
]]></system-out>
  <system-err><![CDATA[]]></system-err>
</testsuite>
